#
# There is insufficient memory for the Java Runtime Environment to continue.
# Native memory allocation (malloc) failed to allocate 196608 bytes for committing reserved memory.
# Possible reasons:
#   The system is out of physical RAM or swap space
#   In 32 bit mode, the process size limit was hit
# Possible solutions:
#   Reduce memory load on the system
#   Increase physical memory or swap space
#   Check if swap backing store is full
#   Use 64 bit Java on a 64 bit OS
#   Decrease Java heap size (-Xmx/-Xms)
#   Decrease number of Java threads
#   Decrease Java thread stack sizes (-Xss)
#   Set larger code cache with -XX:ReservedCodeCacheSize=
# This output file may be truncated or incomplete.
#
#  Out of Memory Error (os_linux.cpp:2798), pid=32381, tid=140007817479936
#
# JRE version: OpenJDK Runtime Environment (7.0_65-b32) (build 1.7.0_65-b32)
# Java VM: OpenJDK 64-Bit Server VM (24.65-b04 mixed mode linux-amd64 compressed oops)
# Derivative: IcedTea 2.5.2
# Distribution: Ubuntu 14.04 LTS, package 7u65-2.5.2-3~14.04
# Failed to write core dump. Core dumps have been disabled. To enable core dumping, try "ulimit -c unlimited" before starting Java again
#

---------------  T H R E A D  ---------------

Current thread (0x00007f561806b800):  VMThread [stack: 0x00007f561c2a0000,0x00007f561c3a1000] [id=32400]

Stack: [0x00007f561c2a0000,0x00007f561c3a1000],  sp=0x00007f561c39f0f0,  free space=1020k
Native frames: (J=compiled Java code, j=interpreted, Vv=VM code, C=native code)
V  [libjvm.so+0x9486a5]  VMError::report_and_die()+0x175
V  [libjvm.so+0x48b904]  report_vm_out_of_memory(char const*, int, unsigned long, char const*)+0x74
V  [libjvm.so+0x7c76ab]  os::pd_commit_memory(char*, unsigned long, unsigned long, bool)+0xeb
V  [libjvm.so+0x7c216f]  os::commit_memory(char*, unsigned long, unsigned long, bool)+0x1f
V  [libjvm.so+0x945594]  VirtualSpace::expand_by(unsigned long, bool)+0x1c4
V  [libjvm.so+0x5617ee]  OneContigSpaceCardGeneration::grow_by(unsigned long)+0x1e
V  [libjvm.so+0x561b60]  OneContigSpaceCardGeneration::expand(unsigned long, unsigned long)+0xc0
V  [libjvm.so+0x561c28]  OneContigSpaceCardGeneration::expand_and_allocate(unsigned long, bool, bool)+0xb8
V  [libjvm.so+0x554917]  GenCollectedHeap::handle_failed_promotion(Generation*, oopDesc*, unsigned long)+0xa7
V  [libjvm.so+0x492444]  DefNewGeneration::copy_to_survivor_space(oopDesc*)+0x84
V  [libjvm.so+0x59f73b]  instanceKlass::oop_oop_iterate_nv(oopDesc*, FastScanClosure*)+0xfb
V  [libjvm.so+0x87fe88]  ContiguousSpace::oop_since_save_marks_iterate_nv(FastScanClosure*)+0x68
V  [libjvm.so+0x561980]  OneContigSpaceCardGeneration::oop_since_save_marks_iterate_nv(FastScanClosure*)+0x30
V  [libjvm.so+0x553dfa]  GenCollectedHeap::oop_since_save_marks_iterate(int, FastScanClosure*, FastScanClosure*)+0x5a
V  [libjvm.so+0x491360]  DefNewGeneration::collect(bool, bool, unsigned long, bool)+0x410
V  [libjvm.so+0x5530a5]  GenCollectedHeap::do_collection(bool, bool, unsigned long, bool, int)+0x585
V  [libjvm.so+0x4254e2]  GenCollectorPolicy::satisfy_failed_allocation(unsigned long, bool)+0xb2
V  [libjvm.so+0x9499a1]  VM_GenCollectForAllocation::doit()+0x81
V  [libjvm.so+0x94e597]  VM_Operation::evaluate()+0x47
V  [libjvm.so+0x94cf08]  VMThread::evaluate_operation(VM_Operation*)+0x318
V  [libjvm.so+0x94d369]  VMThread::loop()+0x219
V  [libjvm.so+0x94d7b2]  VMThread::run()+0x72
V  [libjvm.so+0x7c4572]  java_start(Thread*)+0xf2

VM_Operation (0x00007f5614182690): GenCollectForAllocation, mode: safepoint, requested by thread 0x0000000000da3800


---------------  P R O C E S S  ---------------

Java Threads: ( => current thread )
  0x0000000000da3800 JavaThread "ConsumerFetcherThread-test_group_ip-172-31-32-239-1412561642563-5bd8e3b3-0-1" [_thread_blocked, id=1407, stack(0x00007f5614083000,0x00007f5614184000)]
  0x0000000000d93800 JavaThread "ConsumerFetcherThread-test_group_ip-172-31-32-239-1412561642563-5bd8e3b3-0-2" [_thread_blocked, id=32421, stack(0x00007f55f5f92000,0x00007f55f6093000)]
  0x00007f55fc2bd000 JavaThread "pool-2-thread-3" [_thread_blocked, id=32419, stack(0x00007f55f6093000,0x00007f55f6194000)]
  0x00007f55fc2bb800 JavaThread "pool-2-thread-2" [_thread_blocked, id=32418, stack(0x00007f55f6194000,0x00007f55f6295000)]
  0x00007f55fc2a2000 JavaThread "pool-2-thread-1" [_thread_blocked, id=32417, stack(0x00007f55f6295000,0x00007f55f6396000)]
  0x00007f55fc29f000 JavaThread "test_group_ip-172-31-32-239-1412561642563-5bd8e3b3-leader-finder-thread" [_thread_blocked, id=32416, stack(0x00007f55f6396000,0x00007f55f6497000)]
  0x00007f55fc279000 JavaThread "test_group_ip-172-31-32-239-1412561642563-5bd8e3b3_watcher_executor" [_thread_blocked, id=32415, stack(0x00007f55f6497000,0x00007f55f6598000)]
  0x00007f55fc24e800 JavaThread "metrics-meter-tick-thread-2" daemon [_thread_blocked, id=32414, stack(0x00007f55f6598000,0x00007f55f6699000)]
  0x00007f55fc24a000 JavaThread "metrics-meter-tick-thread-1" daemon [_thread_blocked, id=32413, stack(0x00007f55f6699000,0x00007f55f679a000)]
  0x00007f55fc229000 JavaThread "kafka-consumer-scheduler-0" daemon [_thread_blocked, id=32412, stack(0x00007f55f679a000,0x00007f55f689b000)]
  0x00007f55fc202800 JavaThread "com.mj.KafkaMultiThreadedConsumer.main()-EventThread" daemon [_thread_blocked, id=32411, stack(0x00007f55f689b000,0x00007f55f699c000)]
  0x00007f55fc200800 JavaThread "com.mj.KafkaMultiThreadedConsumer.main(localhost:2181)" daemon [_thread_in_native, id=32410, stack(0x00007f55f699c000,0x00007f55f6a9d000)]
  0x00007f55fc1fb800 JavaThread "ZkClient-EventThread-10-localhost:2181" daemon [_thread_blocked, id=32409, stack(0x00007f55f6a9d000,0x00007f55f6b9e000)]
  0x00007f561809c000 JavaThread "Service Thread" daemon [_thread_blocked, id=32406, stack(0x00007f5614a73000,0x00007f5614b74000)]
  0x00007f5618099000 JavaThread "C2 CompilerThread1" daemon [_thread_blocked, id=32405, stack(0x00007f5614b74000,0x00007f5614c75000)]
  0x00007f5618097000 JavaThread "C2 CompilerThread0" daemon [_thread_blocked, id=32404, stack(0x00007f5614c75000,0x00007f5614d76000)]
  0x00007f5618095000 JavaThread "Signal Dispatcher" daemon [_thread_blocked, id=32403, stack(0x00007f5614d76000,0x00007f5614e77000)]
  0x00007f5618072000 JavaThread "Finalizer" daemon [_thread_blocked, id=32402, stack(0x00007f561c09e000,0x00007f561c19f000)]
  0x00007f5618070000 JavaThread "Reference Handler" daemon [_thread_blocked, id=32401, stack(0x00007f561c19f000,0x00007f561c2a0000)]
  0x00007f561800a000 JavaThread "main" [_thread_blocked, id=32399, stack(0x00007f561fd36000,0x00007f561fe37000)]

Other Threads:
=>0x00007f561806b800 VMThread [stack: 0x00007f561c2a0000,0x00007f561c3a1000] [id=32400]
  0x00007f56180a6800 WatcherThread [stack: 0x00007f5614972000,0x00007f5614a73000] [id=32407]

VM state:at safepoint (normal execution)

VM Mutex/Monitor currently owned by a thread:  ([mutex/lock_event])
[0x00007f5618006560] Threads_lock - owner thread: 0x00007f561806b800
[0x00007f5618006a60] Heap_lock - owner thread: 0x0000000000da3800

Heap
 def new generation   total 9728K, used 9425K [0x00000000cc000000, 0x00000000cca80000, 0x00000000d9e00000)
  eden space 8704K, 100% used [0x00000000cc000000, 0x00000000cc880000, 0x00000000cc880000)
  from space 1024K,  70% used [0x00000000cc880000, 0x00000000cc934430, 0x00000000cc980000)
  to   space 1024K,  47% used [0x00000000cc980000, 0x00000000cc9fa7b8, 0x00000000cca80000)
 tenured generation   total 21376K, used 21376K [0x00000000d9e00000, 0x00000000db2e0000, 0x00000000f5a00000)
   the space 21376K, 100% used [0x00000000d9e00000, 0x00000000db2e0000, 0x00000000db2e0000, 0x00000000db2e0000)
 compacting perm gen  total 26112K, used 25819K [0x00000000f5a00000, 0x00000000f7380000, 0x0000000100000000)
   the space 26112K,  98% used [0x00000000f5a00000, 0x00000000f7336db0, 0x00000000f7336e00, 0x00000000f7380000)
No shared spaces configured.

Card table byte_map: [0x00007f561c7c7000,0x00007f561c968000] byte_map_base: 0x00007f561c167000

Polling page: 0x00007f561fe43000

Code Cache  [0x00007f5615000000, 0x00007f5615330000, 0x00007f5618000000)
 total_blobs=1689 nmethods=1354 adapters=287 free_code_cache=46179Kb largest_free_block=47054592

Compilation events (10 events):
Event: 52012.094 Thread 0x00007f5618099000 nmethod 1462 0x00007f56151d9e10 code [0x00007f56151d9f40, 0x00007f56151d9f98]
Event: 52012.094 Thread 0x00007f5618097000 nmethod 1460 0x00007f56152e48d0 code [0x00007f56152e4a40, 0x00007f56152e4be8]
Event: 52217.343 Thread 0x00007f5618099000 1463             kafka.network.BoundedByteBufferReceive::buffer (9 bytes)
Event: 52217.344 Thread 0x00007f5618099000 nmethod 1463 0x00007f56152e4690 code [0x00007f56152e47c0, 0x00007f56152e4838]
Event: 52217.344 Thread 0x00007f5618099000 1464             kafka.network.BoundedByteBufferReceive::expectComplete (5 bytes)
Event: 52217.344 Thread 0x00007f5618099000 nmethod 1464 0x00007f56152e4450 code [0x00007f56152e4580, 0x00007f56152e45f8]
Event: 52635.009 Thread 0x00007f5618099000 1465             java.lang.Short::valueOf (37 bytes)
Event: 52635.010 Thread 0x00007f5618099000 nmethod 1465 0x00007f56152038d0 code [0x00007f5615203a20, 0x00007f5615203b28]
Event: 56816.836 Thread 0x00007f5618099000 1466             java.util.concurrent.locks.AbstractQueuedSynchronizer$ConditionObject::await (203 bytes)
Event: 56816.858 Thread 0x00007f5618099000 nmethod 1466 0x00007f561526d410 code [0x00007f561526d6a0, 0x00007f561526e5b8]

GC Heap History (10 events):
Event: 203892.350 GC heap after
Heap after GC invocations=4148 (full 101):
 def new generation   total 9728K, used 726K [0x00000000cc000000, 0x00000000cca80000, 0x00000000d9e00000)
  eden space 8704K,   0% used [0x00000000cc000000, 0x00000000cc000000, 0x00000000cc880000)
  from space 1024K,  70% used [0x00000000cc880000, 0x00000000cc9359e8, 0x00000000cc980000)
  to   space 1024K,   0% used [0x00000000cc980000, 0x00000000cc980000, 0x00000000cca80000)
 tenured generation   total 21376K, used 19806K [0x00000000d9e00000, 0x00000000db2e0000, 0x00000000f5a00000)
   the space 21376K,  92% used [0x00000000d9e00000, 0x00000000db157ab8, 0x00000000db157c00, 0x00000000db2e0000)
 compacting perm gen  total 26112K, used 25819K [0x00000000f5a00000, 0x00000000f7380000, 0x0000000100000000)
   the space 26112K,  98% used [0x00000000f5a00000, 0x00000000f7336db0, 0x00000000f7336e00, 0x00000000f7380000)
No shared spaces configured.
}
Event: 203942.455 GC heap before
{Heap before GC invocations=4148 (full 101):
 def new generation   total 9728K, used 9430K [0x00000000cc000000, 0x00000000cca80000, 0x00000000d9e00000)
  eden space 8704K, 100% used [0x00000000cc000000, 0x00000000cc880000, 0x00000000cc880000)
  from space 1024K,  70% used [0x00000000cc880000, 0x00000000cc9359e8, 0x00000000cc980000)
  to   space 1024K,   0% used [0x00000000cc980000, 0x00000000cc980000, 0x00000000cca80000)
 tenured generation   total 21376K, used 19806K [0x00000000d9e00000, 0x00000000db2e0000, 0x00000000f5a00000)
   the space 21376K,  92% used [0x00000000d9e00000, 0x00000000db157ab8, 0x00000000db157c00, 0x00000000db2e0000)
 compacting perm gen  total 26112K, used 25819K [0x00000000f5a00000, 0x00000000f7380000, 0x0000000100000000)
   the space 26112K,  98% used [0x00000000f5a00000, 0x00000000f7336db0, 0x00000000f7336e00, 0x00000000f7380000)
No shared spaces configured.
Event: 203942.501 GC heap after
Heap after GC invocations=4149 (full 101):
 def new generation   total 9728K, used 726K [0x00000000cc000000, 0x00000000cca80000, 0x00000000d9e00000)
  eden space 8704K,   0% used [0x00000000cc000000, 0x00000000cc000000, 0x00000000cc880000)
  from space 1024K,  70% used [0x00000000cc980000, 0x00000000cca35820, 0x00000000cca80000)
  to   space 1024K,   0% used [0x00000000cc880000, 0x00000000cc880000, 0x00000000cc980000)
 tenured generation   total 21376K, used 20145K [0x00000000d9e00000, 0x00000000db2e0000, 0x00000000f5a00000)
   the space 21376K,  94% used [0x00000000d9e00000, 0x00000000db1ac780, 0x00000000db1ac800, 0x00000000db2e0000)
 compacting perm gen  total 26112K, used 25819K [0x00000000f5a00000, 0x00000000f7380000, 0x0000000100000000)
   the space 26112K,  98% used [0x00000000f5a00000, 0x00000000f7336db0, 0x00000000f7336e00, 0x00000000f7380000)
No shared spaces configured.
}
Event: 203992.629 GC heap before
{Heap before GC invocations=4149 (full 101):
 def new generation   total 9728K, used 9430K [0x00000000cc000000, 0x00000000cca80000, 0x00000000d9e00000)
  eden space 8704K, 100% used [0x00000000cc000000, 0x00000000cc880000, 0x00000000cc880000)
  from space 1024K,  70% used [0x00000000cc980000, 0x00000000cca35820, 0x00000000cca80000)
  to   space 1024K,   0% used [0x00000000cc880000, 0x00000000cc880000, 0x00000000cc980000)
 tenured generation   total 21376K, used 20145K [0x00000000d9e00000, 0x00000000db2e0000, 0x00000000f5a00000)
   the space 21376K,  94% used [0x00000000d9e00000, 0x00000000db1ac780, 0x00000000db1ac800, 0x00000000db2e0000)
 compacting perm gen  total 26112K, used 25819K [0x00000000f5a00000, 0x00000000f7380000, 0x0000000100000000)
   the space 26112K,  98% used [0x00000000f5a00000, 0x00000000f7336db0, 0x00000000f7336e00, 0x00000000f7380000)
No shared spaces configured.
Event: 203992.664 GC heap after
Heap after GC invocations=4150 (full 101):
 def new generation   total 9728K, used 725K [0x00000000cc000000, 0x00000000cca80000, 0x00000000d9e00000)
  eden space 8704K,   0% used [0x00000000cc000000, 0x00000000cc000000, 0x00000000cc880000)
  from space 1024K,  70% used [0x00000000cc880000, 0x00000000cc9355e0, 0x00000000cc980000)
  to   space 1024K,   0% used [0x00000000cc980000, 0x00000000cc980000, 0x00000000cca80000)
 tenured generation   total 21376K, used 20482K [0x00000000d9e00000, 0x00000000db2e0000, 0x00000000f5a00000)
   the space 21376K,  95% used [0x00000000d9e00000, 0x00000000db200a48, 0x00000000db200c00, 0x00000000db2e0000)
 compacting perm gen  total 26112K, used 25819K [0x00000000f5a00000, 0x00000000f7380000, 0x0000000100000000)
   the space 26112K,  98% used [0x00000000f5a00000, 0x00000000f7336db0, 0x00000000f7336e00, 0x00000000f7380000)
No shared spaces configured.
}
Event: 204042.535 GC heap before
{Heap before GC invocations=4150 (full 101):
 def new generation   total 9728K, used 9429K [0x00000000cc000000, 0x00000000cca80000, 0x00000000d9e00000)
  eden space 8704K, 100% used [0x00000000cc000000, 0x00000000cc880000, 0x00000000cc880000)
  from space 1024K,  70% used [0x00000000cc880000, 0x00000000cc9355e0, 0x00000000cc980000)
  to   space 1024K,   0% used [0x00000000cc980000, 0x00000000cc980000, 0x00000000cca80000)
 tenured generation   total 21376K, used 20482K [0x00000000d9e00000, 0x00000000db2e0000, 0x00000000f5a00000)
   the space 21376K,  95% used [0x00000000d9e00000, 0x00000000db200a48, 0x00000000db200c00, 0x00000000db2e0000)
 compacting perm gen  total 26112K, used 25819K [0x00000000f5a00000, 0x00000000f7380000, 0x0000000100000000)
   the space 26112K,  98% used [0x00000000f5a00000, 0x00000000f7336db0, 0x00000000f7336e00, 0x00000000f7380000)
No shared spaces configured.
Event: 204042.573 GC heap after
Heap after GC invocations=4151 (full 101):
 def new generation   total 9728K, used 723K [0x00000000cc000000, 0x00000000cca80000, 0x00000000d9e00000)
  eden space 8704K,   0% used [0x00000000cc000000, 0x00000000cc000000, 0x00000000cc880000)
  from space 1024K,  70% used [0x00000000cc980000, 0x00000000cca34ff0, 0x00000000cca80000)
  to   space 1024K,   0% used [0x00000000cc880000, 0x00000000cc880000, 0x00000000cc980000)
 tenured generation   total 21376K, used 20820K [0x00000000d9e00000, 0x00000000db2e0000, 0x00000000f5a00000)
   the space 21376K,  97% used [0x00000000d9e00000, 0x00000000db255018, 0x00000000db255200, 0x00000000db2e0000)
 compacting perm gen  total 26112K, used 25819K [0x00000000f5a00000, 0x00000000f7380000, 0x0000000100000000)
   the space 26112K,  98% used [0x00000000f5a00000, 0x00000000f7336db0, 0x00000000f7336e00, 0x00000000f7380000)
No shared spaces configured.
}
Event: 204092.593 GC heap before
{Heap before GC invocations=4151 (full 101):
 def new generation   total 9728K, used 9427K [0x00000000cc000000, 0x00000000cca80000, 0x00000000d9e00000)
  eden space 8704K, 100% used [0x00000000cc000000, 0x00000000cc880000, 0x00000000cc880000)
  from space 1024K,  70% used [0x00000000cc980000, 0x00000000cca34ff0, 0x00000000cca80000)
  to   space 1024K,   0% used [0x00000000cc880000, 0x00000000cc880000, 0x00000000cc980000)
 tenured generation   total 21376K, used 20820K [0x00000000d9e00000, 0x00000000db2e0000, 0x00000000f5a00000)
   the space 21376K,  97% used [0x00000000d9e00000, 0x00000000db255018, 0x00000000db255200, 0x00000000db2e0000)
 compacting perm gen  total 26112K, used 25819K [0x00000000f5a00000, 0x00000000f7380000, 0x0000000100000000)
   the space 26112K,  98% used [0x00000000f5a00000, 0x00000000f7336db0, 0x00000000f7336e00, 0x00000000f7380000)
No shared spaces configured.
Event: 204092.631 GC heap after
Heap after GC invocations=4152 (full 101):
 def new generation   total 9728K, used 721K [0x00000000cc000000, 0x00000000cca80000, 0x00000000d9e00000)
  eden space 8704K,   0% used [0x00000000cc000000, 0x00000000cc000000, 0x00000000cc880000)
  from space 1024K,  70% used [0x00000000cc880000, 0x00000000cc934430, 0x00000000cc980000)
  to   space 1024K,   0% used [0x00000000cc980000, 0x00000000cc980000, 0x00000000cca80000)
 tenured generation   total 21376K, used 21157K [0x00000000d9e00000, 0x00000000db2e0000, 0x00000000f5a00000)
   the space 21376K,  98% used [0x00000000d9e00000, 0x00000000db2a9728, 0x00000000db2a9800, 0x00000000db2e0000)
 compacting perm gen  total 26112K, used 25819K [0x00000000f5a00000, 0x00000000f7380000, 0x0000000100000000)
   the space 26112K,  98% used [0x00000000f5a00000, 0x00000000f7336db0, 0x00000000f7336e00, 0x00000000f7380000)
No shared spaces configured.
}
Event: 204142.746 GC heap before
{Heap before GC invocations=4152 (full 101):
 def new generation   total 9728K, used 9425K [0x00000000cc000000, 0x00000000cca80000, 0x00000000d9e00000)
  eden space 8704K, 100% used [0x00000000cc000000, 0x00000000cc880000, 0x00000000cc880000)
  from space 1024K,  70% used [0x00000000cc880000, 0x00000000cc934430, 0x00000000cc980000)
  to   space 1024K,   0% used [0x00000000cc980000, 0x00000000cc980000, 0x00000000cca80000)
 tenured generation   total 21376K, used 21157K [0x00000000d9e00000, 0x00000000db2e0000, 0x00000000f5a00000)
   the space 21376K,  98% used [0x00000000d9e00000, 0x00000000db2a9728, 0x00000000db2a9800, 0x00000000db2e0000)
 compacting perm gen  total 26112K, used 25819K [0x00000000f5a00000, 0x00000000f7380000, 0x0000000100000000)
   the space 26112K,  98% used [0x00000000f5a00000, 0x00000000f7336db0, 0x00000000f7336e00, 0x00000000f7380000)
No shared spaces configured.

Deoptimization events (10 events):
Event: 51008.789 Thread 0x0000000000da3800 Uncommon trap: reason=class_check action=maybe_recompile pc=0x00007f56151d0324 method=java.util.concurrent.locks.AbstractQueuedSynchronizer.acquireShared(I)V @ 2
Event: 51008.789 Thread 0x0000000000da3800 Uncommon trap: reason=class_check action=maybe_recompile pc=0x00007f56151ceadc method=java.util.concurrent.locks.ReentrantReadWriteLock$Sync.tryAcquireShared(I)I @ 33
Event: 51008.790 Thread 0x0000000000da3800 Uncommon trap: reason=class_check action=maybe_recompile pc=0x00007f56151d0324 method=java.util.concurrent.locks.AbstractQueuedSynchronizer.acquireShared(I)V @ 2
Event: 51008.793 Thread 0x0000000000da3800 Uncommon trap: reason=null_check action=make_not_entrant pc=0x00007f56151c3350 method=sun.nio.ch.IOVecWrapper.get(I)Lsun/nio/ch/IOVecWrapper; @ 6
Event: 51008.794 Thread 0x0000000000da3800 Uncommon trap: reason=unreached action=reinterpret pc=0x00007f561522e558 method=java.nio.channels.spi.AbstractSelector.begin()V @ 4
Event: 51008.915 Thread 0x0000000000da3800 Uncommon trap: reason=unreached action=reinterpret pc=0x00007f561529aa8c method=java.lang.ThreadLocal$ThreadLocalMap.getEntryAfterMiss(Ljava/lang/ThreadLocal;ILjava/lang/ThreadLocal$ThreadLocalMap$Entry;)Ljava/lang/ThreadLocal$ThreadLocalMap$Entry; @ 12
Event: 51008.915 Thread 0x0000000000da3800 Uncommon trap: reason=null_check action=make_not_entrant pc=0x00007f561526dfac method=java.lang.StringCoding.decode(Ljava/lang/String;[BII)[C @ 6
Event: 51008.915 Thread 0x0000000000da3800 Uncommon trap: reason=unreached action=reinterpret pc=0x00007f56152554d0 method=kafka.utils.Pool.getAndMaybePut(Ljava/lang/Object;)Ljava/lang/Object; @ 31
Event: 51008.915 Thread 0x0000000000da3800 Uncommon trap: reason=class_check action=maybe_recompile pc=0x00007f56151d0324 method=java.util.concurrent.locks.AbstractQueuedSynchronizer.acquireShared(I)V @ 2
Event: 51008.976 Thread 0x0000000000d93800 Uncommon trap: reason=class_check action=maybe_recompile pc=0x00007f56151d0324 method=java.util.concurrent.locks.AbstractQueuedSynchronizer.acquireShared(I)V @ 2

Internal exceptions (10 events):
Event: 51006.878 Thread 0x0000000000d95800 Threw 0x00000000cc253ee8 at /build/buildd/openjdk-7-7u65-2.5.2/build/openjdk/hotspot/src/share/vm/prims/jni.cpp:721
Event: 51007.117 Thread 0x0000000000d95800 Threw 0x00000000cc25c1b0 at /build/buildd/openjdk-7-7u65-2.5.2/build/openjdk/hotspot/src/share/vm/prims/jni.cpp:721
Event: 51007.355 Thread 0x0000000000d95800 Threw 0x00000000cc7136d0 at /build/buildd/openjdk-7-7u65-2.5.2/build/openjdk/hotspot/src/share/vm/prims/jni.cpp:721
Event: 51007.600 Thread 0x0000000000d95800 Threw 0x00000000cc0d64a8 at /build/buildd/openjdk-7-7u65-2.5.2/build/openjdk/hotspot/src/share/vm/prims/jni.cpp:721
Event: 51007.846 Thread 0x0000000000d95800 Threw 0x00000000cc335ca8 at /build/buildd/openjdk-7-7u65-2.5.2/build/openjdk/hotspot/src/share/vm/prims/jni.cpp:721
Event: 51008.121 Thread 0x0000000000d95800 Threw 0x00000000cc33dfb8 at /build/buildd/openjdk-7-7u65-2.5.2/build/openjdk/hotspot/src/share/vm/prims/jni.cpp:721
Event: 51008.356 Thread 0x0000000000d95800 Threw 0x00000000cc7f0b80 at /build/buildd/openjdk-7-7u65-2.5.2/build/openjdk/hotspot/src/share/vm/prims/jni.cpp:721
Event: 51008.567 Thread 0x0000000000d95800 Threw 0x00000000cc08f3a8 at /build/buildd/openjdk-7-7u65-2.5.2/build/openjdk/hotspot/src/share/vm/prims/jni.cpp:721
Event: 51008.793 Thread 0x0000000000da3800 Implicit null exception at 0x00007f56151c1cd8 to 0x00007f56151c3341
Event: 51008.915 Thread 0x0000000000da3800 Implicit null exception at 0x00007f561526d7e9 to 0x00007f561526df9d

Events (10 events):
Event: 203892.351 Executing VM operation: GenCollectForAllocation done
Event: 203942.446 Executing VM operation: GenCollectForAllocation
Event: 203942.502 Executing VM operation: GenCollectForAllocation done
Event: 203992.621 Executing VM operation: GenCollectForAllocation
Event: 203992.665 Executing VM operation: GenCollectForAllocation done
Event: 204042.526 Executing VM operation: GenCollectForAllocation
Event: 204042.574 Executing VM operation: GenCollectForAllocation done
Event: 204092.583 Executing VM operation: GenCollectForAllocation
Event: 204092.633 Executing VM operation: GenCollectForAllocation done
Event: 204142.738 Executing VM operation: GenCollectForAllocation


Dynamic libraries:
00400000-00401000 r-xp 00000000 ca:01 152805                             /usr/lib/jvm/java-7-openjdk-amd64/jre/bin/java
00600000-00601000 r--p 00000000 ca:01 152805                             /usr/lib/jvm/java-7-openjdk-amd64/jre/bin/java
00601000-00602000 rw-p 00001000 ca:01 152805                             /usr/lib/jvm/java-7-openjdk-amd64/jre/bin/java
00d61000-00dc4000 rw-p 00000000 00:00 0                                  [heap]
cc000000-cca80000 rw-p 00000000 00:00 0 
cca80000-d9e00000 rw-p 00000000 00:00 0 
d9e00000-db2e0000 rw-p 00000000 00:00 0 
db310000-db3a0000 ---p 00000000 00:00 0 
db3a0000-f5a00000 rw-p 00000000 00:00 0 
f5a00000-f7380000 rw-p 00000000 00:00 0 
f7380000-100000000 rw-p 00000000 00:00 0 
7f55f5f92000-7f55f5f95000 ---p 00000000 00:00 0 
7f55f5f95000-7f55f6093000 rw-p 00000000 00:00 0                          [stack:32421]
7f55f6093000-7f55f6096000 ---p 00000000 00:00 0 
7f55f6096000-7f55f6194000 rw-p 00000000 00:00 0                          [stack:32419]
7f55f6194000-7f55f6197000 ---p 00000000 00:00 0 
7f55f6197000-7f55f6295000 rw-p 00000000 00:00 0                          [stack:32418]
7f55f6295000-7f55f6298000 ---p 00000000 00:00 0 
7f55f6298000-7f55f6396000 rw-p 00000000 00:00 0                          [stack:32417]
7f55f6396000-7f55f6399000 ---p 00000000 00:00 0 
7f55f6399000-7f55f6497000 rw-p 00000000 00:00 0                          [stack:32416]
7f55f6497000-7f55f649a000 ---p 00000000 00:00 0 
7f55f649a000-7f55f6598000 rw-p 00000000 00:00 0                          [stack:32415]
7f55f6598000-7f55f659b000 ---p 00000000 00:00 0 
7f55f659b000-7f55f6699000 rw-p 00000000 00:00 0                          [stack:32414]
7f55f6699000-7f55f669c000 ---p 00000000 00:00 0 
7f55f669c000-7f55f679a000 rw-p 00000000 00:00 0                          [stack:32413]
7f55f679a000-7f55f679d000 ---p 00000000 00:00 0 
7f55f679d000-7f55f689b000 rw-p 00000000 00:00 0                          [stack:32412]
7f55f689b000-7f55f689e000 ---p 00000000 00:00 0 
7f55f689e000-7f55f699c000 rw-p 00000000 00:00 0                          [stack:32411]
7f55f699c000-7f55f699f000 ---p 00000000 00:00 0 
7f55f699f000-7f55f6a9d000 rw-p 00000000 00:00 0                          [stack:32410]
7f55f6a9d000-7f55f6aa0000 ---p 00000000 00:00 0 
7f55f6aa0000-7f55f6b9e000 rw-p 00000000 00:00 0                          [stack:32409]
7f55f6b9e000-7f55f6ba3000 r-xp 00000000 ca:01 396045                     /lib/x86_64-linux-gnu/libnss_dns-2.19.so
7f55f6ba3000-7f55f6da2000 ---p 00005000 ca:01 396045                     /lib/x86_64-linux-gnu/libnss_dns-2.19.so
7f55f6da2000-7f55f6da3000 r--p 00004000 ca:01 396045                     /lib/x86_64-linux-gnu/libnss_dns-2.19.so
7f55f6da3000-7f55f6da4000 rw-p 00005000 ca:01 396045                     /lib/x86_64-linux-gnu/libnss_dns-2.19.so
7f55f6da4000-7f55f6dac000 r-xp 00000000 ca:01 26928                      /usr/lib/jvm/java-7-openjdk-amd64/jre/lib/amd64/libmanagement.so
7f55f6dac000-7f55f6fab000 ---p 00008000 ca:01 26928                      /usr/lib/jvm/java-7-openjdk-amd64/jre/lib/amd64/libmanagement.so
7f55f6fab000-7f55f6fac000 r--p 00007000 ca:01 26928                      /usr/lib/jvm/java-7-openjdk-amd64/jre/lib/amd64/libmanagement.so
7f55f6fac000-7f55f6fad000 rw-p 00008000 ca:01 26928                      /usr/lib/jvm/java-7-openjdk-amd64/jre/lib/amd64/libmanagement.so
7f55f6fad000-7f55f701f000 r--s 0065d000 ca:01 403707                     /home/ubuntu/.m2/repository/org/scala-lang/scala-library/2.10.1/scala-library-2.10.1.jar
7f55f701f000-7f55f705c000 r-xp 00000000 ca:01 396057                     /lib/x86_64-linux-gnu/libpcre.so.3.13.1
7f55f705c000-7f55f725b000 ---p 0003d000 ca:01 396057                     /lib/x86_64-linux-gnu/libpcre.so.3.13.1
7f55f725b000-7f55f725c000 r--p 0003c000 ca:01 396057                     /lib/x86_64-linux-gnu/libpcre.so.3.13.1
7f55f725c000-7f55f725d000 rw-p 0003d000 ca:01 396057                     /lib/x86_64-linux-gnu/libpcre.so.3.13.1
7f55f725d000-7f55f7264000 r-xp 00000000 ca:01 7825                       /usr/lib/x86_64-linux-gnu/libffi.so.6.0.1
7f55f7264000-7f55f7463000 ---p 00007000 ca:01 7825                       /usr/lib/x86_64-linux-gnu/libffi.so.6.0.1
7f55f7463000-7f55f7464000 r--p 00006000 ca:01 7825                       /usr/lib/x86_64-linux-gnu/libffi.so.6.0.1
7f55f7464000-7f55f7465000 rw-p 00007000 ca:01 7825                       /usr/lib/x86_64-linux-gnu/libffi.so.6.0.1
7f55f7465000-7f55f747c000 r-xp 00000000 ca:01 396067                     /lib/x86_64-linux-gnu/libresolv-2.19.so
7f55f747c000-7f55f767c000 ---p 00017000 ca:01 396067                     /lib/x86_64-linux-gnu/libresolv-2.19.so
7f55f767c000-7f55f767d000 r--p 00017000 ca:01 396067                     /lib/x86_64-linux-gnu/libresolv-2.19.so
7f55f767d000-7f55f767e000 rw-p 00018000 ca:01 396067                     /lib/x86_64-linux-gnu/libresolv-2.19.so
7f55f767e000-7f55f7680000 rw-p 00000000 00:00 0 
7f55f7680000-7f55f76a0000 r-xp 00000000 ca:01 396069                     /lib/x86_64-linux-gnu/libselinux.so.1
7f55f76a0000-7f55f789f000 ---p 00020000 ca:01 396069                     /lib/x86_64-linux-gnu/libselinux.so.1
7f55f789f000-7f55f78a0000 r--p 0001f000 ca:01 396069                     /lib/x86_64-linux-gnu/libselinux.so.1
7f55f78a0000-7f55f78a1000 rw-p 00020000 ca:01 396069                     /lib/x86_64-linux-gnu/libselinux.so.1
7f55f78a1000-7f55f78a3000 rw-p 00000000 00:00 0 
7f55f78a3000-7f55f78a6000 r-xp 00000000 ca:01 7837                       /usr/lib/x86_64-linux-gnu/libgmodule-2.0.so.0.4000.0
7f55f78a6000-7f55f7aa5000 ---p 00003000 ca:01 7837                       /usr/lib/x86_64-linux-gnu/libgmodule-2.0.so.0.4000.0
7f55f7aa5000-7f55f7aa6000 r--p 00002000 ca:01 7837                       /usr/lib/x86_64-linux-gnu/libgmodule-2.0.so.0.4000.0
7f55f7aa6000-7f55f7aa7000 rw-p 00003000 ca:01 7837                       /usr/lib/x86_64-linux-gnu/libgmodule-2.0.so.0.4000.0
7f55f7aa7000-7f55f7bad000 r-xp 00000000 ca:01 396028                     /lib/x86_64-linux-gnu/libglib-2.0.so.0.4000.0
7f55f7bad000-7f55f7dac000 ---p 00106000 ca:01 396028                     /lib/x86_64-linux-gnu/libglib-2.0.so.0.4000.0
7f55f7dac000-7f55f7dad000 r--p 00105000 ca:01 396028                     /lib/x86_64-linux-gnu/libglib-2.0.so.0.4000.0
7f55f7dad000-7f55f7dae000 rw-p 00106000 ca:01 396028                     /lib/x86_64-linux-gnu/libglib-2.0.so.0.4000.0
7f55f7dae000-7f55f7daf000 rw-p 00000000 00:00 0 
7f55f7daf000-7f55f7dfe000 r-xp 00000000 ca:01 7841                       /usr/lib/x86_64-linux-gnu/libgobject-2.0.so.0.4000.0
7f55f7dfe000-7f55f7ffe000 ---p 0004f000 ca:01 7841                       /usr/lib/x86_64-linux-gnu/libgobject-2.0.so.0.4000.0
7f55f7ffe000-7f55f7fff000 r--p 0004f000 ca:01 7841                       /usr/lib/x86_64-linux-gnu/libgobject-2.0.so.0.4000.0
7f55f7fff000-7f55f8000000 rw-p 00050000 ca:01 7841                       /usr/lib/x86_64-linux-gnu/libgobject-2.0.so.0.4000.0
7f55f8000000-7f55f8c8c000 rw-p 00000000 00:00 0 
7f55f8c8c000-7f55fc000000 ---p 00000000 00:00 0 
7f55fc000000-7f55fc2d8000 rw-p 00000000 00:00 0 
7f55fc2d8000-7f5600000000 ---p 00000000 00:00 0 
7f5600000000-7f5600027000 rw-p 00000000 00:00 0 
7f5600027000-7f5604000000 ---p 00000000 00:00 0 
7f5604000000-7f56051e9000 rw-p 00000000 00:00 0 
7f56051e9000-7f5608000000 ---p 00000000 00:00 0 
7f5608000000-7f5608021000 rw-p 00000000 00:00 0 
7f5608021000-7f560c000000 ---p 00000000 00:00 0 
7f560c000000-7f560c025000 rw-p 00000000 00:00 0 
7f560c025000-7f5610000000 ---p 00000000 00:00 0 
7f5610000000-7f561036d000 rw-p 00000000 00:00 0 
7f561036d000-7f5614000000 ---p 00000000 00:00 0 
7f5614021000-7f5614023000 r--s 0000e000 ca:01 403710                     /home/ubuntu/.m2/repository/com/101tec/zkclient/0.3/zkclient-0.3.jar
7f5614023000-7f5614025000 r--s 0000b000 ca:01 403706                     /home/ubuntu/.m2/repository/net/sf/jopt-simple/jopt-simple/3.2/jopt-simple-3.2.jar
7f5614025000-7f5614027000 r--s 00014000 ca:01 403705                     /home/ubuntu/.m2/repository/jline/jline/0.9.94/jline-0.9.94.jar
7f5614027000-7f5614031000 r--s 0008a000 ca:01 403699                     /home/ubuntu/.m2/repository/org/apache/zookeeper/zookeeper/3.3.4/zookeeper-3.3.4.jar
7f5614031000-7f5614033000 r--s 00130000 ca:01 403698                     /home/ubuntu/.m2/repository/org/xerial/snappy/snappy-java/1.0.5/snappy-java-1.0.5.jar
7f5614033000-7f5614036000 r--s 00012000 ca:01 403695                     /home/ubuntu/.m2/repository/com/yammer/metrics/metrics-core/2.2.0/metrics-core-2.2.0.jar
7f5614036000-7f5614038000 r--s 00000000 ca:01 403693                     /home/ubuntu/.m2/repository/com/yammer/metrics/metrics-annotation/2.2.0/metrics-annotation-2.2.0.jar
7f5614038000-7f5614076000 r--s 00307000 ca:01 403694                     /home/ubuntu/.m2/repository/org/apache/kafka/kafka_2.10/0.8.1/kafka_2.10-0.8.1.jar
7f5614076000-7f561407f000 r--s 0006f000 ca:01 404360                     /home/ubuntu/.m2/repository/log4j/log4j/1.2.17/log4j-1.2.17.jar
7f561407f000-7f5614081000 r--s 00005000 ca:01 404359                     /home/ubuntu/.m2/repository/org/slf4j/slf4j-api/1.7.5/slf4j-api-1.7.5.jar
7f5614081000-7f5614083000 r--s 00001000 ca:01 274965                     /home/ubuntu/.m2/repository/org/slf4j/slf4j-log4j12/1.7.5/slf4j-log4j12-1.7.5.jar
7f5614083000-7f5614086000 ---p 00000000 00:00 0 
7f5614086000-7f5614184000 rw-p 00000000 00:00 0                          [stack:1407]
7f5614184000-7f5614186000 r--s 0000c000 ca:01 403877                     /home/ubuntu/.m2/repository/org/apache/commons/commons-exec/1.2/commons-exec-1.2.jar
7f5614186000-7f561418a000 r--s 00037000 ca:01 403878                     /home/ubuntu/.m2/repository/org/codehaus/plexus/plexus-utils/3.0.15/plexus-utils-3.0.15.jar
7f561418a000-7f561418c000 r--s 00002000 ca:01 274319                     /home/ubuntu/.m2/repository/org/sonatype/plexus/plexus-cipher/1.4/plexus-cipher-1.4.jar
7f561418c000-7f561418d000 r--s 00006000 ca:01 274316                     /home/ubuntu/.m2/repository/org/sonatype/plexus/plexus-sec-dispatcher/1.3/plexus-sec-dispatcher-1.3.jar
7f561418d000-7f561418f000 r--s 00002000 ca:01 273042                     /home/ubuntu/.m2/repository/org/codehaus/plexus/plexus-interactivity-api/1.0-alpha-4/plexus-interactivity-api-1.0-alpha-4.jar
7f561418f000-7f5614191000 r--s 00009000 ca:01 274315                     /home/ubuntu/.m2/repository/commons-cli/commons-cli/1.2/commons-cli-1.2.jar
7f5614191000-7f5614192000 r--s 00002000 ca:01 403873                     /home/ubuntu/.m2/repository/org/apache/maven/doxia/doxia-logging-api/1.1/doxia-logging-api-1.1.jar
7f5614192000-7f5614194000 r--s 00002000 ca:01 403872                     /home/ubuntu/.m2/repository/org/apache/maven/doxia/doxia-sink-api/1.1/doxia-sink-api-1.1.jar
7f5614194000-7f5614196000 r--s 00003000 ca:01 274311                     /home/ubuntu/.m2/repository/org/slf4j/jcl-over-slf4j/1.5.6/jcl-over-slf4j-1.5.6.jar
7f5614196000-7f5614198000 r--s 00004000 ca:01 403868                     /home/ubuntu/.m2/repository/org/slf4j/slf4j-api/1.5.6/slf4j-api-1.5.6.jar
7f5614198000-7f561419a000 r--s 00001000 ca:01 274310                     /home/ubuntu/.m2/repository/org/slf4j/slf4j-jdk14/1.5.6/slf4j-jdk14-1.5.6.jar
7f561419a000-7f56141a2000 r--s 00049000 ca:01 403867                     /home/ubuntu/.m2/repository/backport-util-concurrent/backport-util-concurrent/3.1/backport-util-concurrent-3.1.jar
7f56141a2000-7f56141a4000 r--s 0000b000 ca:01 274309                     /home/ubuntu/.m2/repository/org/codehaus/plexus/plexus-interpolation/1.11/plexus-interpolation-1.11.jar
7f56141a4000-7f56141d5000 rw-p 00000000 00:00 0 
7f56141d5000-7f5614340000 r-xp 00000000 ca:01 7836                       /usr/lib/x86_64-linux-gnu/libgio-2.0.so.0.4000.0
7f5614340000-7f5614540000 ---p 0016b000 ca:01 7836                       /usr/lib/x86_64-linux-gnu/libgio-2.0.so.0.4000.0
7f5614540000-7f5614544000 r--p 0016b000 ca:01 7836                       /usr/lib/x86_64-linux-gnu/libgio-2.0.so.0.4000.0
7f5614544000-7f5614546000 rw-p 0016f000 ca:01 7836                       /usr/lib/x86_64-linux-gnu/libgio-2.0.so.0.4000.0
7f5614546000-7f5614548000 rw-p 00000000 00:00 0 
7f5614548000-7f561455f000 r-xp 00000000 ca:01 26918                      /usr/lib/jvm/java-7-openjdk-amd64/jre/lib/amd64/libnet.so
7f561455f000-7f561475e000 ---p 00017000 ca:01 26918                      /usr/lib/jvm/java-7-openjdk-amd64/jre/lib/amd64/libnet.so
7f561475e000-7f561475f000 r--p 00016000 ca:01 26918                      /usr/lib/jvm/java-7-openjdk-amd64/jre/lib/amd64/libnet.so
7f561475f000-7f5614760000 rw-p 00017000 ca:01 26918                      /usr/lib/jvm/java-7-openjdk-amd64/jre/lib/amd64/libnet.so
7f5614760000-7f5614770000 r-xp 00000000 ca:01 26910                      /usr/lib/jvm/java-7-openjdk-amd64/jre/lib/amd64/libnio.so
7f5614770000-7f5614970000 ---p 00010000 ca:01 26910                      /usr/lib/jvm/java-7-openjdk-amd64/jre/lib/amd64/libnio.so
7f5614970000-7f5614971000 r--p 00010000 ca:01 26910                      /usr/lib/jvm/java-7-openjdk-amd64/jre/lib/amd64/libnio.so
7f5614971000-7f5614972000 rw-p 00011000 ca:01 26910                      /usr/lib/jvm/java-7-openjdk-amd64/jre/lib/amd64/libnio.so
7f5614972000-7f5614973000 ---p 00000000 00:00 0 
7f5614973000-7f5614a73000 rw-p 00000000 00:00 0                          [stack:32407]
7f5614a73000-7f5614a76000 ---p 00000000 00:00 0 
7f5614a76000-7f5614b74000 rw-p 00000000 00:00 0                          [stack:32406]
7f5614b74000-7f5614b77000 ---p 00000000 00:00 0 
7f5614b77000-7f5614c75000 rw-p 00000000 00:00 0                          [stack:32405]
7f5614c75000-7f5614c78000 ---p 00000000 00:00 0 
7f5614c78000-7f5614d76000 rw-p 00000000 00:00 0                          [stack:32404]
7f5614d76000-7f5614d79000 ---p 00000000 00:00 0 
7f5614d79000-7f5614e77000 rw-p 00000000 00:00 0                          [stack:32403]
7f5614e77000-7f5615000000 r--p 00000000 ca:01 1579                       /usr/lib/locale/locale-archive
7f5615000000-7f5615330000 rwxp 00000000 00:00 0 
7f5615330000-7f5618738000 rw-p 00000000 00:00 0 
7f5618738000-7f561c000000 ---p 00000000 00:00 0 
7f561c000000-7f561c001000 r--s 00002000 ca:01 403870                     /home/ubuntu/.m2/repository/org/apache/maven/reporting/maven-reporting-api/2.2.1/maven-reporting-api-2.2.1.jar
7f561c001000-7f561c003000 r--s 0000a000 ca:01 274240                     /home/ubuntu/.m2/repository/org/codehaus/mojo/exec-maven-plugin/1.3.2/exec-maven-plugin-1.3.2.jar
7f561c003000-7f561c008000 r--s 0004c000 ca:01 26878                      /usr/lib/jvm/java-7-openjdk-amd64/jre/lib/jsse.jar
7f561c008000-7f561c00a000 r--s 0000e000 ca:01 28486                      /usr/share/java/plexus-interpolation.jar
7f561c00a000-7f561c00c000 r--s 00009000 ca:01 28909                      /usr/share/java/maven3-settings-3.0.5.jar
7f561c00c000-7f561c00e000 r--s 00000000 ca:01 28751                      /usr/share/java/plexus-component-annotations-1.5-1.5.5.jar
7f561c00e000-7f561c010000 r--s 0000a000 ca:01 28911                      /usr/share/java/maven3-artifact-3.0.5.jar
7f561c010000-7f561c012000 r--s 00002000 ca:01 28589                      /usr/share/java/plexus-cipher.jar
7f561c012000-7f561c01e000 r--s 0007c000 ca:01 28907                      /usr/share/java/maven3-core-3.0.5.jar
7f561c01e000-7f561c022000 r--s 00020000 ca:01 28915                      /usr/share/java/maven3-model-builder-3.0.5.jar
7f561c022000-7f561c024000 r--s 00025000 ca:01 28906                      /usr/share/java/maven3-model-3.0.5.jar
7f561c024000-7f561c025000 r--s 00003000 ca:01 400452                     /usr/share/maven-repo/org/sonatype/aether/aether-spi/1.13.1/aether-spi-1.13.1.jar
7f561c025000-7f561c041000 r--s 00110000 ca:01 28885                      /usr/share/java/wagon-http-shaded-2.x.jar
7f561c041000-7f561c045000 r--s 00033000 ca:01 28744                      /usr/share/java/plexus-utils2-2.0.5.jar
7f561c045000-7f561c048000 r--s 0001d000 ca:01 400469                     /usr/share/maven-repo/org/sonatype/aether/aether-impl/1.13.1/aether-impl-1.13.1.jar
7f561c048000-7f561c04a000 r--s 00006000 ca:01 400475                     /usr/share/maven-repo/org/sonatype/aether/aether-connector-wagon/1.13.1/aether-connector-wagon-1.13.1.jar
7f561c04a000-7f561c04c000 r--s 00008000 ca:01 28908                      /usr/share/java/maven3-embedder-3.0.5.jar
7f561c04c000-7f561c050000 r--s 0001c000 ca:01 400440                     /usr/share/maven-repo/org/sonatype/aether/aether-util/1.13.1/aether-util-1.13.1.jar
7f561c050000-7f561c052000 r--s 00007000 ca:01 28449                      /usr/share/java/commons-cli-1.2.jar
7f561c052000-7f561c058000 r--s 0002c000 ca:01 28767                      /usr/share/java/sisu-inject-plexus.jar
7f561c058000-7f561c05b000 r--s 00013000 ca:01 400457                     /usr/share/maven-repo/org/sonatype/aether/aether-api/1.13.1/aether-api-1.13.1.jar
7f561c05b000-7f561c084000 r--s 001e9000 ca:01 28458                      /usr/share/java/guava.jar
7f561c084000-7f561c08a000 r--s 0003e000 ca:01 28913                      /usr/share/java/maven3-compat-3.0.5.jar
7f561c08a000-7f561c091000 r--s 0003b000 ca:01 28474                      /usr/share/java/commons-codec-1.9.jar
7f561c091000-7f561c097000 r--s 00046000 ca:01 28593                      /usr/share/java/commons-httpclient-3.1.jar
7f561c097000-7f561c09e000 r--s 00040000 ca:01 28772                      /usr/share/java/sisu-inject-bean.jar
7f561c09e000-7f561c0a1000 ---p 00000000 00:00 0 
7f561c0a1000-7f561c19f000 rw-p 00000000 00:00 0                          [stack:32402]
7f561c19f000-7f561c1a2000 ---p 00000000 00:00 0 
7f561c1a2000-7f561c2a0000 rw-p 00000000 00:00 0                          [stack:32401]
7f561c2a0000-7f561c2a1000 ---p 00000000 00:00 0 
7f561c2a1000-7f561c3ea000 rw-p 00000000 00:00 0                          [stack:32400]
7f561c3ea000-7f561c59b000 r--s 01d21000 ca:01 26863                      /usr/lib/jvm/java-7-openjdk-amd64/jre/lib/rt.jar
7f561c59b000-7f561c6a1000 rw-p 00000000 00:00 0 
7f561c6a1000-7f561c6e8000 rw-p 00000000 00:00 0 
7f561c6e8000-7f561c6f3000 rw-p 00000000 00:00 0 
7f561c6f3000-7f561c7c7000 rw-p 00000000 00:00 0 
7f561c7c7000-7f561c7cd000 rw-p 00000000 00:00 0 
7f561c7cd000-7f561c836000 rw-p 00000000 00:00 0 
7f561c836000-7f561c841000 rw-p 00000000 00:00 0 
7f561c841000-7f561c914000 rw-p 00000000 00:00 0 
7f561c914000-7f561c921000 rw-p 00000000 00:00 0 
7f561c921000-7f561c967000 rw-p 00000000 00:00 0 
7f561c967000-7f561c968000 rw-p 00000000 00:00 0 
7f561c968000-7f561c970000 r-xp 00000000 ca:01 26906                      /usr/lib/jvm/java-7-openjdk-amd64/jre/lib/amd64/libzip.so
7f561c970000-7f561cb6f000 ---p 00008000 ca:01 26906                      /usr/lib/jvm/java-7-openjdk-amd64/jre/lib/amd64/libzip.so
7f561cb6f000-7f561cb70000 r--p 00007000 ca:01 26906                      /usr/lib/jvm/java-7-openjdk-amd64/jre/lib/amd64/libzip.so
7f561cb70000-7f561cb71000 rw-p 00008000 ca:01 26906                      /usr/lib/jvm/java-7-openjdk-amd64/jre/lib/amd64/libzip.so
7f561cb71000-7f561cb7c000 r-xp 00000000 ca:01 396046                     /lib/x86_64-linux-gnu/libnss_files-2.19.so
7f561cb7c000-7f561cd7b000 ---p 0000b000 ca:01 396046                     /lib/x86_64-linux-gnu/libnss_files-2.19.so
7f561cd7b000-7f561cd7c000 r--p 0000a000 ca:01 396046                     /lib/x86_64-linux-gnu/libnss_files-2.19.so
7f561cd7c000-7f561cd7d000 rw-p 0000b000 ca:01 396046                     /lib/x86_64-linux-gnu/libnss_files-2.19.so
7f561cd7d000-7f561cd88000 r-xp 00000000 ca:01 396048                     /lib/x86_64-linux-gnu/libnss_nis-2.19.so
7f561cd88000-7f561cf87000 ---p 0000b000 ca:01 396048                     /lib/x86_64-linux-gnu/libnss_nis-2.19.so
7f561cf87000-7f561cf88000 r--p 0000a000 ca:01 396048                     /lib/x86_64-linux-gnu/libnss_nis-2.19.so
7f561cf88000-7f561cf89000 rw-p 0000b000 ca:01 396048                     /lib/x86_64-linux-gnu/libnss_nis-2.19.so
7f561cf89000-7f561cfa0000 r-xp 00000000 ca:01 396043                     /lib/x86_64-linux-gnu/libnsl-2.19.so
7f561cfa0000-7f561d19f000 ---p 00017000 ca:01 396043                     /lib/x86_64-linux-gnu/libnsl-2.19.so
7f561d19f000-7f561d1a0000 r--p 00016000 ca:01 396043                     /lib/x86_64-linux-gnu/libnsl-2.19.so
7f561d1a0000-7f561d1a1000 rw-p 00017000 ca:01 396043                     /lib/x86_64-linux-gnu/libnsl-2.19.so
7f561d1a1000-7f561d1a3000 rw-p 00000000 00:00 0 
7f561d1a3000-7f561d1ac000 r-xp 00000000 ca:01 396044                     /lib/x86_64-linux-gnu/libnss_compat-2.19.so
7f561d1ac000-7f561d3ab000 ---p 00009000 ca:01 396044                     /lib/x86_64-linux-gnu/libnss_compat-2.19.so
7f561d3ab000-7f561d3ac000 r--p 00008000 ca:01 396044                     /lib/x86_64-linux-gnu/libnss_compat-2.19.so
7f561d3ac000-7f561d3ad000 rw-p 00009000 ca:01 396044                     /lib/x86_64-linux-gnu/libnss_compat-2.19.so
7f561d3ad000-7f561d3d8000 r-xp 00000000 ca:01 26905                      /usr/lib/jvm/java-7-openjdk-amd64/jre/lib/amd64/libjava.so
7f561d3d8000-7f561d5d8000 ---p 0002b000 ca:01 26905                      /usr/lib/jvm/java-7-openjdk-amd64/jre/lib/amd64/libjava.so
7f561d5d8000-7f561d5d9000 r--p 0002b000 ca:01 26905                      /usr/lib/jvm/java-7-openjdk-amd64/jre/lib/amd64/libjava.so
7f561d5d9000-7f561d5db000 rw-p 0002c000 ca:01 26905                      /usr/lib/jvm/java-7-openjdk-amd64/jre/lib/amd64/libjava.so
7f561d5db000-7f561d5eb000 r-xp 00000000 ca:01 26932                      /usr/lib/jvm/java-7-openjdk-amd64/jre/lib/amd64/libverify.so
7f561d5eb000-7f561d7ea000 ---p 00010000 ca:01 26932                      /usr/lib/jvm/java-7-openjdk-amd64/jre/lib/amd64/libverify.so
7f561d7ea000-7f561d7ec000 r--p 0000f000 ca:01 26932                      /usr/lib/jvm/java-7-openjdk-amd64/jre/lib/amd64/libverify.so
7f561d7ec000-7f561d7ed000 rw-p 00011000 ca:01 26932                      /usr/lib/jvm/java-7-openjdk-amd64/jre/lib/amd64/libverify.so
7f561d7ed000-7f561d7f4000 r-xp 00000000 ca:01 396068                     /lib/x86_64-linux-gnu/librt-2.19.so
7f561d7f4000-7f561d9f3000 ---p 00007000 ca:01 396068                     /lib/x86_64-linux-gnu/librt-2.19.so
7f561d9f3000-7f561d9f4000 r--p 00006000 ca:01 396068                     /lib/x86_64-linux-gnu/librt-2.19.so
7f561d9f4000-7f561d9f5000 rw-p 00007000 ca:01 396068                     /lib/x86_64-linux-gnu/librt-2.19.so
7f561d9f5000-7f561da0b000 r-xp 00000000 ca:01 396026                     /lib/x86_64-linux-gnu/libgcc_s.so.1
7f561da0b000-7f561dc0a000 ---p 00016000 ca:01 396026                     /lib/x86_64-linux-gnu/libgcc_s.so.1
7f561dc0a000-7f561dc0b000 rw-p 00015000 ca:01 396026                     /lib/x86_64-linux-gnu/libgcc_s.so.1
7f561dc0b000-7f561dd10000 r-xp 00000000 ca:01 396035                     /lib/x86_64-linux-gnu/libm-2.19.so
7f561dd10000-7f561df0f000 ---p 00105000 ca:01 396035                     /lib/x86_64-linux-gnu/libm-2.19.so
7f561df0f000-7f561df10000 r--p 00104000 ca:01 396035                     /lib/x86_64-linux-gnu/libm-2.19.so
7f561df10000-7f561df11000 rw-p 00105000 ca:01 396035                     /lib/x86_64-linux-gnu/libm-2.19.so
7f561df11000-7f561dff7000 r-xp 00000000 ca:01 7889                       /usr/lib/x86_64-linux-gnu/libstdc++.so.6.0.19
7f561dff7000-7f561e1f6000 ---p 000e6000 ca:01 7889                       /usr/lib/x86_64-linux-gnu/libstdc++.so.6.0.19
7f561e1f6000-7f561e1fe000 r--p 000e5000 ca:01 7889                       /usr/lib/x86_64-linux-gnu/libstdc++.so.6.0.19
7f561e1fe000-7f561e200000 rw-p 000ed000 ca:01 7889                       /usr/lib/x86_64-linux-gnu/libstdc++.so.6.0.19
7f561e200000-7f561e215000 rw-p 00000000 00:00 0 
7f561e215000-7f561ed2b000 r-xp 00000000 ca:01 26922                      /usr/lib/jvm/java-7-openjdk-amd64/jre/lib/amd64/server/libjvm.so
7f561ed2b000-7f561ef2a000 ---p 00b16000 ca:01 26922                      /usr/lib/jvm/java-7-openjdk-amd64/jre/lib/amd64/server/libjvm.so
7f561ef2a000-7f561efc4000 r--p 00b15000 ca:01 26922                      /usr/lib/jvm/java-7-openjdk-amd64/jre/lib/amd64/server/libjvm.so
7f561efc4000-7f561efe7000 rw-p 00baf000 ca:01 26922                      /usr/lib/jvm/java-7-openjdk-amd64/jre/lib/amd64/server/libjvm.so
7f561efe7000-7f561f015000 rw-p 00000000 00:00 0 
7f561f015000-7f561f02d000 r-xp 00000000 ca:01 396085                     /lib/x86_64-linux-gnu/libz.so.1.2.8
7f561f02d000-7f561f22c000 ---p 00018000 ca:01 396085                     /lib/x86_64-linux-gnu/libz.so.1.2.8
7f561f22c000-7f561f22d000 r--p 00017000 ca:01 396085                     /lib/x86_64-linux-gnu/libz.so.1.2.8
7f561f22d000-7f561f22e000 rw-p 00018000 ca:01 396085                     /lib/x86_64-linux-gnu/libz.so.1.2.8
7f561f22e000-7f561f247000 r-xp 00000000 ca:01 396065                     /lib/x86_64-linux-gnu/libpthread-2.19.so
7f561f247000-7f561f446000 ---p 00019000 ca:01 396065                     /lib/x86_64-linux-gnu/libpthread-2.19.so
7f561f446000-7f561f447000 r--p 00018000 ca:01 396065                     /lib/x86_64-linux-gnu/libpthread-2.19.so
7f561f447000-7f561f448000 rw-p 00019000 ca:01 396065                     /lib/x86_64-linux-gnu/libpthread-2.19.so
7f561f448000-7f561f44c000 rw-p 00000000 00:00 0 
7f561f44c000-7f561f44f000 r-xp 00000000 ca:01 396021                     /lib/x86_64-linux-gnu/libdl-2.19.so
7f561f44f000-7f561f64e000 ---p 00003000 ca:01 396021                     /lib/x86_64-linux-gnu/libdl-2.19.so
7f561f64e000-7f561f64f000 r--p 00002000 ca:01 396021                     /lib/x86_64-linux-gnu/libdl-2.19.so
7f561f64f000-7f561f650000 rw-p 00003000 ca:01 396021                     /lib/x86_64-linux-gnu/libdl-2.19.so
7f561f650000-7f561f80b000 r-xp 00000000 ca:01 396012                     /lib/x86_64-linux-gnu/libc-2.19.so
7f561f80b000-7f561fa0b000 ---p 001bb000 ca:01 396012                     /lib/x86_64-linux-gnu/libc-2.19.so
7f561fa0b000-7f561fa0f000 r--p 001bb000 ca:01 396012                     /lib/x86_64-linux-gnu/libc-2.19.so
7f561fa0f000-7f561fa11000 rw-p 001bf000 ca:01 396012                     /lib/x86_64-linux-gnu/libc-2.19.so
7f561fa11000-7f561fa16000 rw-p 00000000 00:00 0 
7f561fa16000-7f561fa23000 r-xp 00000000 ca:01 26936                      /usr/lib/jvm/java-7-openjdk-amd64/jre/lib/amd64/jli/libjli.so
7f561fa23000-7f561fc22000 ---p 0000d000 ca:01 26936                      /usr/lib/jvm/java-7-openjdk-amd64/jre/lib/amd64/jli/libjli.so
7f561fc22000-7f561fc23000 r--p 0000c000 ca:01 26936                      /usr/lib/jvm/java-7-openjdk-amd64/jre/lib/amd64/jli/libjli.so
7f561fc23000-7f561fc24000 rw-p 0000d000 ca:01 26936                      /usr/lib/jvm/java-7-openjdk-amd64/jre/lib/amd64/jli/libjli.so
7f561fc24000-7f561fc47000 r-xp 00000000 ca:01 396002                     /lib/x86_64-linux-gnu/ld-2.19.so
7f561fc47000-7f561fc48000 r--s 00001000 ca:01 28878                      /usr/share/java/wagon-file-2.x.jar
7f561fc48000-7f561fc49000 r--s 0000d000 ca:01 28309                      /usr/share/java/commons-logging-1.1.3.jar
7f561fc49000-7f561fc4b000 r--s 00005000 ca:01 28910                      /usr/share/java/maven3-repository-metadata-3.0.5.jar
7f561fc4b000-7f561fc4d000 r--s 0000b000 ca:01 28905                      /usr/share/java/maven3-aether-provider-3.0.5.jar
7f561fc4d000-7f561fc4f000 r--s 00007000 ca:01 28912                      /usr/share/java/maven3-settings-builder-3.0.5.jar
7f561fc4f000-7f561fc5b000 r--s 00082000 ca:01 28762                      /usr/share/java/sisu-guice.jar
7f561fc5b000-7f561fc5d000 r--s 00009000 ca:01 28914                      /usr/share/java/maven3-plugin-api-3.0.5.jar
7f561fc5d000-7f561fc5f000 r--s 0000a000 ca:01 28877                      /usr/share/java/wagon-provider-api-2.x.jar
7f561fc5f000-7f561fc60000 r--s 00006000 ca:01 28591                      /usr/share/java/plexus-sec-dispatcher.jar
7f561fc60000-7f561fc62000 r--s 0000a000 ca:01 28429                      /usr/share/java/plexus-classworlds2-2.5.1.jar
7f561fc62000-7f561fc66000 r--s 00085000 ca:01 26900                      /usr/lib/jvm/java-7-openjdk-amd64/jre/lib/ext/localedata.jar
7f561fc66000-7f561fc69000 r--s 00032000 ca:01 26895                      /usr/lib/jvm/java-7-openjdk-amd64/jre/lib/ext/sunjce_provider.jar
7f561fc69000-7f561fc6b000 r--s 00012000 ca:01 26898                      /usr/lib/jvm/java-7-openjdk-amd64/jre/lib/ext/zipfs.jar
7f561fc6b000-7f561fc6e000 r--s 0000f000 ca:01 26896                      /usr/lib/jvm/java-7-openjdk-amd64/jre/lib/ext/pulse-java.jar
7f561fc6e000-7f561fc7b000 rw-p 00000000 00:00 0 
7f561fc7b000-7f561fd2e000 rw-p 00000000 00:00 0 
7f561fd2e000-7f561fd36000 rw-s 00000000 ca:01 28995                      /tmp/hsperfdata_ubuntu/32381
7f561fd36000-7f561fd39000 ---p 00000000 00:00 0 
7f561fd39000-7f561fe3c000 rw-p 00000000 00:00 0                          [stack:32399]
7f561fe3c000-7f561fe3d000 r--s 00002000 ca:01 26899                      /usr/lib/jvm/java-7-openjdk-amd64/jre/lib/ext/dnsns.jar
7f561fe3d000-7f561fe3f000 r--s 00006000 ca:01 27067                      /usr/share/java/java-atk-wrapper.jar
7f561fe3f000-7f561fe42000 r--s 0003c000 ca:01 26897                      /usr/lib/jvm/java-7-openjdk-amd64/jre/lib/ext/sunpkcs11.jar
7f561fe42000-7f561fe43000 rw-p 00000000 00:00 0 
7f561fe43000-7f561fe44000 ---p 00000000 00:00 0 
7f561fe44000-7f561fe46000 rw-p 00000000 00:00 0 
7f561fe46000-7f561fe47000 r--p 00022000 ca:01 396002                     /lib/x86_64-linux-gnu/ld-2.19.so
7f561fe47000-7f561fe48000 rw-p 00023000 ca:01 396002                     /lib/x86_64-linux-gnu/ld-2.19.so
7f561fe48000-7f561fe49000 rw-p 00000000 00:00 0 
7fff908ab000-7fff908cc000 rw-p 00000000 00:00 0                          [stack]
7fff909fe000-7fff90a00000 r-xp 00000000 00:00 0                          [vdso]
ffffffffff600000-ffffffffff601000 r-xp 00000000 00:00 0                  [vsyscall]

VM Arguments:
jvm_args: -Dclassworlds.conf=/usr/share/maven/bin/m2.conf -Dmaven.home=/usr/share/maven 
java_command: org.codehaus.plexus.classworlds.launcher.Launcher exec:java -Dexec.mainClass=com.mj.KafkaMultiThreadedConsumer
Launcher Type: SUN_STANDARD

Environment Variables:
JAVA_HOME=/usr/lib/jvm/java-7-openjdk-amd64
PATH=/usr/local/sbin:/usr/local/bin:/usr/sbin:/usr/bin:/sbin:/bin:/usr/games:/usr/local/games
SHELL=/bin/bash

Signal Handlers:
SIGSEGV: [libjvm.so+0x949180], sa_mask[0]=0x7ffbfeff, sa_flags=0x10000004
SIGBUS: [libjvm.so+0x949180], sa_mask[0]=0x7ffbfeff, sa_flags=0x10000004
SIGFPE: [libjvm.so+0x7c2ec0], sa_mask[0]=0x7ffbfeff, sa_flags=0x10000004
SIGPIPE: [libjvm.so+0x7c2ec0], sa_mask[0]=0x7ffbfeff, sa_flags=0x10000004
SIGXFSZ: [libjvm.so+0x7c2ec0], sa_mask[0]=0x7ffbfeff, sa_flags=0x10000004
SIGILL: [libjvm.so+0x7c2ec0], sa_mask[0]=0x7ffbfeff, sa_flags=0x10000004
SIGUSR1: SIG_DFL, sa_mask[0]=0x00000000, sa_flags=0x00000000
SIGUSR2: [libjvm.so+0x7c2d60], sa_mask[0]=0x00000000, sa_flags=0x10000004
SIGHUP: [libjvm.so+0x7c2f40], sa_mask[0]=0x7ffbfeff, sa_flags=0x10000004
SIGINT: [libjvm.so+0x7c2f40], sa_mask[0]=0x7ffbfeff, sa_flags=0x10000004
SIGTERM: [libjvm.so+0x7c2f40], sa_mask[0]=0x7ffbfeff, sa_flags=0x10000004
SIGQUIT: [libjvm.so+0x7c2f40], sa_mask[0]=0x7ffbfeff, sa_flags=0x10000004
SIGTRAP: SIG_DFL, sa_mask[0]=0x00000000, sa_flags=0x00000000


---------------  S Y S T E M  ---------------

OS:Ubuntu 14.04 (trusty)
uname:Linux 3.13.0-36-generic #63-Ubuntu SMP Wed Sep 3 21:30:07 UTC 2014 x86_64
libc:glibc 2.19 NPTL 2.19 
rlimit: STACK 8192k, CORE 0k, NPROC 15925, NOFILE 4096, AS infinity
load average:1.01 1.06 1.07

/proc/meminfo:
MemTotal:        2048448 kB
MemFree:           54684 kB
Buffers:             232 kB
Cached:             5368 kB
SwapCached:            0 kB
Active:          1926156 kB
Inactive:           4428 kB
Active(anon):    1925120 kB
Inactive(anon):      280 kB
Active(file):       1036 kB
Inactive(file):     4148 kB
Unevictable:           0 kB
Mlocked:               0 kB
SwapTotal:             0 kB
SwapFree:              0 kB
Dirty:                 0 kB
Writeback:             0 kB
AnonPages:       1925048 kB
Mapped:             1972 kB
Shmem:               352 kB
Slab:              23888 kB
SReclaimable:      10756 kB
SUnreclaim:        13132 kB
KernelStack:        2568 kB
PageTables:         7012 kB
NFS_Unstable:          0 kB
Bounce:                0 kB
WritebackTmp:          0 kB
CommitLimit:     1024224 kB
Committed_AS:    3615384 kB
VmallocTotal:   34359738367 kB
VmallocUsed:        4352 kB
VmallocChunk:   34359731675 kB
HardwareCorrupted:     0 kB
AnonHugePages:   1644544 kB
HugePages_Total:       0
HugePages_Free:        0
HugePages_Rsvd:        0
HugePages_Surp:        0
Hugepagesize:       2048 kB
DirectMap4k:       28672 kB
DirectMap2M:     2199552 kB


CPU:total 1 (1 cores per cpu, 1 threads per core) family 6 model 62 stepping 4, cmov, cx8, fxsr, mmx, sse, sse2, sse3, ssse3, sse4.1, sse4.2, popcnt, avx, aes, erms, tsc

/proc/cpuinfo:
processor	: 0
vendor_id	: GenuineIntel
cpu family	: 6
model		: 62
model name	: Intel(R) Xeon(R) CPU E5-2670 v2 @ 2.50GHz
stepping	: 4
microcode	: 0x415
cpu MHz		: 2494.028
cache size	: 25600 KB
physical id	: 0
siblings	: 1
core id		: 0
cpu cores	: 1
apicid		: 0
initial apicid	: 0
fpu		: yes
fpu_exception	: yes
cpuid level	: 13
wp		: yes
flags		: fpu vme de pse tsc msr pae mce cx8 apic sep mtrr pge mca cmov pat pse36 clflush mmx fxsr sse sse2 ht syscall nx rdtscp lm constant_tsc rep_good nopl xtopology eagerfpu pni pclmulqdq ssse3 cx16 pcid sse4_1 sse4_2 x2apic popcnt tsc_deadline_timer aes xsave avx f16c rdrand hypervisor lahf_lm xsaveopt fsgsbase smep erms
bogomips	: 4988.05
clflush size	: 64
cache_alignment	: 64
address sizes	: 46 bits physical, 48 bits virtual
power management:



Memory: 4k page, physical 2048448k(54684k free), swap 0k(0k free)

vm_info: OpenJDK 64-Bit Server VM (24.65-b04) for linux-amd64 JRE (1.7.0_65-b32), built on Sep 10 2014 05:56:05 by "buildd" with gcc 4.8.2

time: Wed Oct  8 10:56:19 2014
elapsed time: 204142 seconds

